#
# There is insufficient memory for the Java Runtime Environment to continue.
# Native memory allocation (mmap) failed to map 232783872 bytes for G1 virtual space
# Possible reasons:
#   The system is out of physical RAM or swap space
#   The process is running with CompressedOops enabled, and the Java Heap may be blocking the growth of the native heap
# Possible solutions:
#   Reduce memory load on the system
#   Increase physical memory or swap space
#   Check if swap backing store is full
#   Decrease Java heap size (-Xmx/-Xms)
#   Decrease number of Java threads
#   Decrease Java thread stack sizes (-Xss)
#   Set larger code cache with -XX:ReservedCodeCacheSize=
#   JVM is running with Zero Based Compressed Oops mode in which the Java heap is
#     placed in the first 32GB address space. The Java Heap base address is the
#     maximum limit for the native heap growth. Please use -XX:HeapBaseMinAddress
#     to set the Java Heap base and to place the Java Heap above 32GB virtual address.
# This output file may be truncated or incomplete.
#
#  Out of Memory Error (os_windows.cpp:3600), pid=40584, tid=39488
#
# JRE version:  (21.0.5+9) (build )
# Java VM: Java HotSpot(TM) 64-Bit Server VM (21.0.5+9-LTS-239, mixed mode, emulated-client, sharing, tiered, compressed oops, compressed class ptrs, g1 gc, windows-amd64)
# No core dump will be written. Minidumps are not enabled by default on client versions of Windows
#

---------------  S U M M A R Y ------------

Command Line: -agentlib:jdwp=transport=dt_socket,address=127.0.0.1:54069,suspend=y,server=n -agentpath:C:\Users\arjay\AppData\Local\Temp\idea_libasyncProfiler_dll_temp_folder13583\libasyncProfiler.dll=version,jfr,event=wall,interval=10ms,cstack=no,file=C:\Users\arjay\IdeaSnapshots\EventApplication_2025_02_02_203102.jfr,dbghelppath=C:\Users\arjay\AppData\Local\Temp\idea_dbghelp_dll_temp_folder11\dbghelp.dll,log=C:\Users\arjay\AppData\Local\Temp\EventApplication_2025_02_02_203102.jfr.log.txt,logLevel=DEBUG -XX:TieredStopAtLevel=1 -Dspring.output.ansi.enabled=always -Dcom.sun.management.jmxremote -Dspring.jmx.enabled=true -Dspring.liveBeansView.mbeanDomain -Dspring.application.admin.enabled=true -Dmanagement.endpoints.jmx.exposure.include=* -javaagent:C:\Users\arjay\AppData\Local\JetBrains\IntelliJIdea2024.3\captureAgent\debugger-agent.jar -Dkotlinx.coroutines.debug.enable.creation.stack.trace=false -Ddebugger.agent.enable.coroutines=true -Dkotlinx.coroutines.debug.enable.flows.stack.trace=true -Dkotlinx.coroutines.debug.enable.mutable.state.flows.stack.trace=true -Dfile.encoding=UTF-8 -Dsun.stdout.encoding=UTF-8 -Dsun.stderr.encoding=UTF-8 com.rjproj.memberapp.EventApplication

Host: AMD Ryzen 7 5800U with Radeon Graphics         , 16 cores, 13G,  Windows 11 , 64 bit Build 26100 (10.0.26100.2454)
Time: Sun Feb  2 20:31:04 2025 Romance Standard Time elapsed time: 1.199263 seconds (0d 0h 0m 1s)

---------------  T H R E A D  ---------------

Current thread (0x000001e33e2f77b0):  JavaThread "Unknown thread" [_thread_in_vm, id=39488, stack(0x000000dbb2900000,0x000000dbb2a00000) (1024K)]

Stack: [0x000000dbb2900000,0x000000dbb2a00000]
Native frames: (J=compiled Java code, j=interpreted, Vv=VM code, C=native code)
V  [jvm.dll+0x6ca289]
V  [jvm.dll+0x854a51]
V  [jvm.dll+0x856f7e]
V  [jvm.dll+0x857653]
V  [jvm.dll+0x27dd26]
V  [jvm.dll+0x6c6a25]
V  [jvm.dll+0x6bb5aa]
V  [jvm.dll+0x35359a]
V  [jvm.dll+0x35b1f6]
V  [jvm.dll+0x3adade]
V  [jvm.dll+0x3add88]
V  [jvm.dll+0x3278fc]
V  [jvm.dll+0x32845b]
V  [jvm.dll+0x81de19]
V  [jvm.dll+0x3ba7c1]
V  [jvm.dll+0x807168]
V  [jvm.dll+0x44f96e]
V  [jvm.dll+0x451561]
C  [jli.dll+0x52a3]
C  [ucrtbase.dll+0x14ea0]
C  [KERNEL32.DLL+0x2e8d7]
C  [ntdll.dll+0xdfbcc]


---------------  P R O C E S S  ---------------

Threads class SMR info:
_java_thread_list=0x00007ffc39b2ac08, length=0, elements={
}

Java Threads: ( => current thread )
Total: 0

Other Threads:
  0x000001e346a3e100 WorkerThread "GC Thread#0"                     [id=20068, stack(0x000000dbb2a00000,0x000000dbb2b00000) (1024K)]
  0x000001e346a4e700 ConcurrentGCThread "G1 Main Marker"            [id=41844, stack(0x000000dbb2b00000,0x000000dbb2c00000) (1024K)]
  0x000001e346a4fc80 WorkerThread "G1 Conc#0"                       [id=40504, stack(0x000000dbb2c00000,0x000000dbb2d00000) (1024K)]

[error occurred during error reporting (printing all threads), id 0xc0000005, EXCEPTION_ACCESS_VIOLATION (0xc0000005) at pc=0x00007ffc3929a087]
VM state: not at safepoint (not fully initialized)

VM Mutex/Monitor currently owned by a thread:  ([mutex/lock_event])
[0x00007ffc39b9bf98] Heap_lock - owner thread: 0x000001e33e2f77b0

Heap address: 0x0000000722400000, size: 3548 MB, Compressed Oops mode: Zero based, Oop shift amount: 3

CDS archive(s) mapped at: [0x0000000000000000-0x0000000000000000-0x0000000000000000), size 0, SharedBaseAddress: 0x0000000800000000, ArchiveRelocationMode: 1.
Narrow klass base: 0x0000000000000000, Narrow klass shift: 0, Narrow klass range: 0x0

GC Precious Log:
 CardTable entry size: 512
 Card Set container configuration: InlinePtr #cards 4 size 8 Array Of Cards #cards 16 size 48 Howl #buckets 8 coarsen threshold 3686 Howl Bitmap #cards 512 size 80 coarsen threshold 460 Card regions per heap region 1 cards per card region 4096

Heap:
 garbage-first heap   total 0K, used 0K [0x0000000722400000, 0x0000000800000000)
  region size 2048K, 0 young (0K), 0 survivors (0K)

[error occurred during error reporting (printing heap information), id 0xc0000005, EXCEPTION_ACCESS_VIOLATION (0xc0000005) at pc=0x00007ffc39683259]
GC Heap History (0 events):
No events

Dll operation events (2 events):
Event: 0.048 Loaded shared library C:\Users\arjay\Desktop\Programming\jdks\jdk-21_windows-x64_bin\jdk-21.0.5\bin\java.dll
Event: 0.051 Loaded shared library C:\Users\arjay\Desktop\Programming\jdks\jdk-21_windows-x64_bin\jdk-21.0.5\bin\zip.dll

Deoptimization events (0 events):
No events

Classes loaded (0 events):
No events

Classes unloaded (0 events):
No events

Classes redefined (0 events):
No events

Internal exceptions (0 events):
No events

ZGC Phase Switch (0 events):
No events

VM Operations (0 events):
No events

Events (0 events):
No events


Dynamic libraries:
0x00007ff6bd8e0000 - 0x00007ff6bd8f0000 	C:\Users\arjay\Desktop\Programming\jdks\jdk-21_windows-x64_bin\jdk-21.0.5\bin\java.exe
0x00007ffcf38c0000 - 0x00007ffcf3b23000 	C:\WINDOWS\SYSTEM32\ntdll.dll
0x00007ffcf1720000 - 0x00007ffcf17e8000 	C:\WINDOWS\System32\KERNEL32.DLL
0x00007ffcf11e0000 - 0x00007ffcf1592000 	C:\WINDOWS\System32\KERNELBASE.dll
0x00007ffcf0c90000 - 0x00007ffcf0ddb000 	C:\WINDOWS\System32\ucrtbase.dll
0x00007ffcadd30000 - 0x00007ffcadd4b000 	C:\Users\arjay\Desktop\Programming\jdks\jdk-21_windows-x64_bin\jdk-21.0.5\bin\VCRUNTIME140.dll
0x00007ffcec680000 - 0x00007ffcec699000 	C:\Users\arjay\Desktop\Programming\jdks\jdk-21_windows-x64_bin\jdk-21.0.5\bin\jli.dll
0x00007ffcf21b0000 - 0x00007ffcf2264000 	C:\WINDOWS\System32\ADVAPI32.dll
0x00007ffcf3640000 - 0x00007ffcf36e9000 	C:\WINDOWS\System32\msvcrt.dll
0x00007ffcf20d0000 - 0x00007ffcf2176000 	C:\WINDOWS\System32\sechost.dll
0x00007ffcf3170000 - 0x00007ffcf3286000 	C:\WINDOWS\System32\RPCRT4.dll
0x00007ffcf32a0000 - 0x00007ffcf3468000 	C:\WINDOWS\System32\USER32.dll
0x00007ffcf1630000 - 0x00007ffcf1657000 	C:\WINDOWS\System32\win32u.dll
0x00007ffcf1930000 - 0x00007ffcf195a000 	C:\WINDOWS\System32\GDI32.dll
0x00007ffcdeac0000 - 0x00007ffcded50000 	C:\WINDOWS\WinSxS\amd64_microsoft.windows.common-controls_6595b64144ccf1df_6.0.26100.2454_none_3e0b68a2e331ad60\COMCTL32.dll
0x00007ffcf0de0000 - 0x00007ffcf0f0b000 	C:\WINDOWS\System32\gdi32full.dll
0x00007ffcf0f10000 - 0x00007ffcf0fb3000 	C:\WINDOWS\System32\msvcp_win.dll
0x00007ffce9c40000 - 0x00007ffce9c4b000 	C:\WINDOWS\SYSTEM32\VERSION.dll
0x00007ffcf1b20000 - 0x00007ffcf1b4f000 	C:\WINDOWS\System32\IMM32.DLL
0x00007ffcec940000 - 0x00007ffcec94c000 	C:\Users\arjay\Desktop\Programming\jdks\jdk-21_windows-x64_bin\jdk-21.0.5\bin\vcruntime140_1.dll
0x00007ffc4d4b0000 - 0x00007ffc4d53e000 	C:\Users\arjay\Desktop\Programming\jdks\jdk-21_windows-x64_bin\jdk-21.0.5\bin\msvcp140.dll
0x00007ffc38f60000 - 0x00007ffc39c78000 	C:\Users\arjay\Desktop\Programming\jdks\jdk-21_windows-x64_bin\jdk-21.0.5\bin\server\jvm.dll
0x00007ffcf36f0000 - 0x00007ffcf3764000 	C:\WINDOWS\System32\WS2_32.dll
0x00007ffcf0b20000 - 0x00007ffcf0b6e000 	C:\WINDOWS\SYSTEM32\POWRPROF.dll
0x00007ffce89b0000 - 0x00007ffce89e6000 	C:\WINDOWS\SYSTEM32\WINMM.dll
0x00007ffcf0b00000 - 0x00007ffcf0b14000 	C:\WINDOWS\SYSTEM32\UMPDC.dll
0x00007ffcefad0000 - 0x00007ffcefaea000 	C:\WINDOWS\SYSTEM32\kernel.appcore.dll
0x00007ffcc71a0000 - 0x00007ffcc71aa000 	C:\Users\arjay\Desktop\Programming\jdks\jdk-21_windows-x64_bin\jdk-21.0.5\bin\jimage.dll
0x00007ffcdf670000 - 0x00007ffcdf8b1000 	C:\WINDOWS\SYSTEM32\DBGHELP.DLL
0x00007ffcf2450000 - 0x00007ffcf27ce000 	C:\WINDOWS\System32\combase.dll
0x00007ffcf2370000 - 0x00007ffcf2446000 	C:\WINDOWS\System32\OLEAUT32.dll
0x00007ffcd3c10000 - 0x00007ffcd3c49000 	C:\WINDOWS\SYSTEM32\dbgcore.DLL
0x00007ffcf0fc0000 - 0x00007ffcf1059000 	C:\WINDOWS\System32\bcryptPrimitives.dll
0x00007ffc780e0000 - 0x00007ffc7811c000 	C:\Users\arjay\Desktop\Programming\jdks\jdk-21_windows-x64_bin\jdk-21.0.5\bin\jdwp.dll
0x00007ffcaad60000 - 0x00007ffcaaf6e000 	C:\Users\arjay\AppData\Local\Temp\idea_libasyncProfiler_dll_temp_folder13583\libasyncProfiler.dll
0x00007ffcb1e70000 - 0x00007ffcb1e7f000 	C:\Users\arjay\Desktop\Programming\jdks\jdk-21_windows-x64_bin\jdk-21.0.5\bin\instrument.dll
0x00007ffcad070000 - 0x00007ffcad08f000 	C:\Users\arjay\Desktop\Programming\jdks\jdk-21_windows-x64_bin\jdk-21.0.5\bin\java.dll
0x00007ffcad050000 - 0x00007ffcad068000 	C:\Users\arjay\Desktop\Programming\jdks\jdk-21_windows-x64_bin\jdk-21.0.5\bin\zip.dll

dbghelp: loaded successfully - version: 4.0.5 - missing functions: none
symbol engine: initialized successfully - sym options: 0x614 - pdb path: .;C:\Users\arjay\Desktop\Programming\jdks\jdk-21_windows-x64_bin\jdk-21.0.5\bin;C:\WINDOWS\SYSTEM32;C:\WINDOWS\WinSxS\amd64_microsoft.windows.common-controls_6595b64144ccf1df_6.0.26100.2454_none_3e0b68a2e331ad60;C:\Users\arjay\Desktop\Programming\jdks\jdk-21_windows-x64_bin\jdk-21.0.5\bin\server;C:\Users\arjay\AppData\Local\Temp\idea_libasyncProfiler_dll_temp_folder13583

VM Arguments:
jvm_args: -agentlib:jdwp=transport=dt_socket,address=127.0.0.1:54069,suspend=y,server=n -agentpath:C:\Users\arjay\AppData\Local\Temp\idea_libasyncProfiler_dll_temp_folder13583\libasyncProfiler.dll=version,jfr,event=wall,interval=10ms,cstack=no,file=C:\Users\arjay\IdeaSnapshots\EventApplication_2025_02_02_203102.jfr,dbghelppath=C:\Users\arjay\AppData\Local\Temp\idea_dbghelp_dll_temp_folder11\dbghelp.dll,log=C:\Users\arjay\AppData\Local\Temp\EventApplication_2025_02_02_203102.jfr.log.txt,logLevel=DEBUG -XX:TieredStopAtLevel=1 -Dspring.output.ansi.enabled=always -Dcom.sun.management.jmxremote -Dspring.jmx.enabled=true -Dspring.liveBeansView.mbeanDomain -Dspring.application.admin.enabled=true -Dmanagement.endpoints.jmx.exposure.include=* -javaagent:C:\Users\arjay\AppData\Local\JetBrains\IntelliJIdea2024.3\captureAgent\debugger-agent.jar -Dkotlinx.coroutines.debug.enable.creation.stack.trace=false -Ddebugger.agent.enable.coroutines=true -Dkotlinx.coroutines.debug.enable.flows.stack.trace=true -Dkotlinx.coroutines.debug.enable.mutable.state.flows.stack.trace=true -Dfile.encoding=UTF-8 -Dsun.stdout.encoding=UTF-8 -Dsun.stderr.encoding=UTF-8 
java_command: com.rjproj.memberapp.EventApplication
java_class_path (initial): C:\Users\arjay\Desktop\Programming\Workspace\arjayprojects\rjbproj-memberapp\services\event\build\classes\java\main;C:\Users\arjay\Desktop\Programming\Workspace\arjayprojects\rjbproj-memberapp\services\event\build\resources\main;C:\Users\arjay\.gradle\caches\modules-2\files-2.1\org.projectlombok\lombok\1.18.36\5a30490a6e14977d97d9c73c924c1f1b5311ea95\lombok-1.18.36.jar;C:\Users\arjay\.gradle\caches\modules-2\files-2.1\org.springframework.boot\spring-boot-starter-data-jpa\3.4.2\b65a304b493807dff48bf114135dc4aa5f267927\spring-boot-starter-data-jpa-3.4.2.jar;C:\Users\arjay\.gradle\caches\modules-2\files-2.1\org.springframework.boot\spring-boot-starter-validation\3.4.2\3195ea4da38b902a09bf192361800d4e43940465\spring-boot-starter-validation-3.4.2.jar;C:\Users\arjay\.gradle\caches\modules-2\files-2.1\org.springframework.boot\spring-boot-starter-web\3.4.2\cf1c8efe77dccf221acf5f0ce9cc24c718c0ca44\spring-boot-starter-web-3.4.2.jar;C:\Users\arjay\.gradle\caches\modules-2\files-2.1\org.springframework.cloud\spring-cloud-starter-config\4.2.0\26ae50eb6a402c5b8f7d3763eaa27a6cd681b493\spring-cloud-starter-config-4.2.0.jar;C:\Users\arjay\.gradle\caches\modules-2\files-2.1\org.springframework.cloud\spring-cloud-starter-netflix-eureka-client\4.2.0\cf3f5817a74964573f8ab62d67692203484bfc17\spring-cloud-starter-netflix-eureka-client-4.2.0.jar;C:\Users\arjay\.gradle\caches\modules-2\files-2.1\org.springframework.cloud\spring-cloud-starter-openfeign\4.2.0\2f325bbc3a6f60b3ddbd644b110afadf8a39c90b\spring-cloud-starter-openfeign-4.2.0.jar;C:\Users\arjay\.gradle\caches\modules-2\files-2.1\org.springframework.kafka\spring-kafka\3.3.2\2ab3df68531166d0f94bfc68380a9ce9dc4e9ca3\spring-kafka-3.3.2.jar;C:\Users\arjay\.gradle\caches\modules-2\files-2.1\org.springframework.boot\spring-boot-starter-jdbc\3.4.2\a3698cab03ba6daaaa38c16df1b36c862e9e3e4b\spring-boot-starter-jdbc-3.4.2.jar;C:\Users\arjay\.gradle\caches\modules-2\files-2.1\org.springframework.boot\spring-boot-starter\3.4.2\9d914208449fce99a67d3def60957cdcc98b552a\spring-boot-starter-3.4.2.jar;C:\Users\arjay\.gradle\caches\modules-2\files-2.1\org.hibernate.orm\hibernate-core\6.6.5.Final\c81deca40ebdb823d9f8a9e5dc5798a6a205626a\hibernate-core-6.6.5.Final.jar;C:\Users\arjay\.gradle\caches\modules-2\files-2.1\org.springframework.data\spring-data-jpa\3.4.2\4213f2d185b49447057823f5ef9de41e931f4f2e\spring-data-jpa-3.4.2.jar;C:\Users\arjay\.gradle\caches\modules-2\files-2.1\org.springframework\spring-aspects\6.2.2\e9e0379bc353e43ab1cb326f413bb293d8a52e78\spring-aspects-6.2.2.jar;C:\Users\arjay\.gradle\caches\modules-2\files-2.1\org.apache.tomcat.embed\tomcat-embed-el\10.1.34\d2b2daca3bc999c62e58ae36b45ba0582530fb25\tomcat-embed-el-10.1.34.jar;C:\Users\arjay\.gradle\caches\modules-2\files-2.1\org.hibernate.validator\hibernate-validator\8.0.2.Final\220e64815dd87535525331de20570017f899eb13\hibernate-validator-8.0.2.Final.jar;C:\Users\arjay\.gradle\caches\modules-2\files-2.1\org.springframework.boot\spring-boot-starter-json\3.4.2\e413d51228ddaf6a9644533987faa0ae6e18fe47\spring-boot-starter-json-3.4.2.jar;C:\Users\arjay\.gradle\caches\modules-2\files-2.1\org.springframework.boot\spring-boot-starter-tomcat\3.4.2\aa345bdd83adc80db5bc6ac4a711460396ad17ef\spring-boot-starter-tomcat-3.4.2.jar;C:\Users\arjay\.gradle\caches\modules-2\files-2.1\org.springframework\spring-webmvc\6.2.2\9b1aeb179ba9667bc78a4a5cec4ec8087db404d7\spring-webmvc-6.2.2.jar;C:\Users\arjay\.gradle\caches\modules-2\files-2.1\org.springframework\spring-web\6.2.2\bd2ef98bf98b6ecf8dd29106ae27b7515524c21\spring-web-6.2.2.jar;C:\Users\arjay\.gradle\caches\modules-2\files-2.1\org.springframework.cloud\spring-cloud-config-client\4.2.0\feda4be108eae632246f35c6dfcf5b819321a28\spring-cloud-config-client-4.2.0.jar;C:\Users\arjay\.gradle\caches\modules-2\files-2.1\org.springframework.cloud\spring-cloud-starter\4.2.0\195fa9ee669616aebd5b1a481578ec336cfc1e9f\spring-cloud-starter-4.2.0.jar;C:\Users\arjay\.gradle\caches\modules-2\files-2.1\com.fasterxml.jackson.core\jackson-databind\2.18.2\deef8697b92141fb6caf7aa86966cff4eec9b04f\jackson-databind-2.18.2.jar;C:\Users\arjay\.gradle\caches\modules-2\files-2.1\org.springframework.cloud\spring-cloud-starter-loadbalancer\4.2.0\290ebc8df37c43336dbe66320ab84d6a57aec3c8\spring-cloud-starter-loadbalancer-4.2.0.jar;C:\Users\arjay\.gradle\caches\modules-2\files-2.1\org.springframework.cloud\spring-cloud-netflix-eureka-client\4.2.0\c8edf13a9deff7af515f65aba2df5810f15978bb\spring-cloud-netflix-eureka-client-4.2.0.jar;C:\Users\arjay\.gradle\caches\modules-2\files-2.1\com.netflix.eureka\eureka-client\2.0.4\b39ef49393834e6f390370ceb54bbbf4df0a072e\eureka-client-2.0.4.jar;C:\Users\arjay\.gradle\caches\modules-2\files-2.1\org.springframework.cloud\spring-cloud-openfeign-core\4.2.0\57ceb14303618008377aec69711a46473ea701c7\spring-cloud-openfeign-core-4.2.0.jar;C:\Users\arjay\.gradle\caches\modules-2\files-2.1\org.springframework.cloud\spring-cloud-commons\4.2.0\3ef9d0044e12016527a1d13bc01774f1d1bfa30e\spring-cloud-commons-4.2.0.jar;C:\Users\arjay\.gradle\caches\modules-2\files-2.1\io.github.openfeign\feign-slf4j\13.5\6bba2c17f95fd7a3a4e86f9f0239e1a631c40a4b\feign-slf4j-13.5.jar;C:\Users\arjay\.gradle\caches\modules-2\files-2.1\io.github.openfeign\feign-core\13.5\7e94b76bce24f8028d29fbba7c5f0d59b09a837e\feign-core-13.5.jar;C:\Users\arjay\.gradle\caches\modules-2\files-2.1\org.springframework\spring-context\6.2.2\aa01a7faa3694983339ca7e45619860ef34052d6\spring-context-6.2.2.jar;C:\Users\arjay\.gradle\caches\modules-2\files-2.1\org.springframework\spring-messaging\6.2.2\3b26ce466821f6f080bc643c7e4dae8a30af85c9\spring-messaging-6.2.2.jar;C:\Users\arjay\.gradle\caches\modules-2\files-2.1\org.springframework\spring-tx\6.2.2\91a2e378d0e457b9c500f2b30aaf8a7a422ba522\spring-tx-6.2.2.jar;C:\Users\arjay\.gradle\caches\modules-2\files-2.1\org.springframework.retry\spring-retry\2.0.10\2990d2957ef0988dd243d06e04d357eace43a522\spring-retry-2.0.10.jar;C:\Users\arjay\.gradle\caches\modules-2\files-2.1\org.apache.kafka\kafka-clients\3.8.1\fd79e3aa252c6d818334e9c0bac8166b426e498c\kafka-clients-3.8.1.jar;C:\Users\arjay\.gradle\caches\modules-2\files-2.1\io.micrometer\micrometer-observation\1.14.3\cd66186a1fe8465dc732d9514bade1104044b56d\micrometer-observation-1.14.3.jar;C:\Users\arjay\.gradle\caches\modules-2\files-2.1\org.springframework\spring-jdbc\6.2.2\840572e748c1dfe7122e19a10888918e5ecfb631\spring-jdbc-6.2.2.jar;C:\Users\arjay\.gradle\caches\modules-2\files-2.1\com.zaxxer\HikariCP\5.1.0\8c96e36c14461fc436bb02b264b96ef3ca5dca8c\HikariCP-5.1.0.jar;C:\Users\arjay\.gradle\caches\modules-2\files-2.1\org.springframework.boot\spring-boot-autoconfigure\3.4.2\c50511dba751ffe7df320d27c6875feb2745654e\spring-boot-autoconfigure-3.4.2.jar;C:\Users\arjay\.gradle\caches\modules-2\files-2.1\org.springframework.boot\spring-boot\3.4.2\b2514201ba6b838bd638a51619515501c5baefea\spring-boot-3.4.2.jar;C:\Users\arjay\.gradle\caches\modules-2\files-2.1\org.springframework.boot\spring-boot-starter-logging\3.4.2\be7631ab8d3cb2a6a3c9981dcaa6d0867c964772\spring-boot-starter-logging-3.4.2.jar;C:\Users\arjay\.gradle\caches\modules-2\files-2.1\jakarta.annotation\jakarta.annotation-api\2.1.1\48b9bda22b091b1f48b13af03fe36db3be6e1ae3\jakarta.annotation-api-2.1.1.jar;C:\Users\arjay\.gradle\caches\modules-2\files-2.1\org.springframework\spring-core\6.2.2\94269e888dc979e75a1a1b9600d7153d72e6a7f1\spring-core-6.2.2.jar;C:\Users\arjay\.gradle\caches\modules-2\files-2.1\org.yaml\snakeyaml\2.3\936b36210e27320f920536f695cf1af210c44586\snakeyaml-2.3.jar;C:\Users\arjay\.gradle\caches\modules-2\files-2.1\jakarta.persistence\jakarta.persistence-api\3.1.0\66901fa1c373c6aff65c13791cc11da72060a8d6\jakarta.persistence-api-3.1.0.jar;C:\Users\arjay\.gradle\caches\modules-2\files-2.1\jakarta.transaction\jakarta.transaction-api\2.0.1\51a520e3fae406abb84e2e1148e6746ce3f80a1a\jakarta.transaction-api-2.0.1.jar;C:\Users\arjay\.gradle\caches\modules-2\files-2.1\org.springframework\spring-orm\6.2.2\98d0c8e2f8f65b776b24ffa979e9802a0c7085d7\spring-orm-6.2.2.jar;C:\Users\arjay\.gradle\caches\modules-2\files-2.1\org.springframework.data\spring-data-commons\3.4.2\387ff91a749cce404f7a6e4a15a3b75ff497bdbc\spring-data-commons-3.4.2.jar;C:\Users\arjay\.gradle\caches\modules-2\files-2.1\org.springframework\spring-aop\6.2.2\2a1a445d4cd8e5fe2311df04fc25c0bc54bd2ce4\spring-aop-6.2.2.jar;C:\Users\arjay\.gradle\caches\modules-2\files-2.1\org.springframework\spring-beans\6.2.2\ec8ee520ff7b147de8ac04d330848d468253f84d\spring-beans-6.2.2.jar;C:\Users\arjay\.gradle\caches\modules-2\files-2.1\org.antlr\antlr4-runtime\4.13.0\5a02e48521624faaf5ff4d99afc88b01686af655\antlr4-runtime-4.13.0.jar;C:\Users\arjay\.gradle\caches\modules-2\files-2.1\org.slf4j\slf4j-api\2.0.16\172931663a09a1fa515567af5fbef00897d3c04\slf4j-api-2.0.16.jar;C:\Users\arjay\.gradle\caches\modules-2\files-2.1\org.aspectj\aspectjweaver\1.9.22.1\bca243d0af0db4758fbae45c5f4995cb5dabb612\aspectjweaver-1.9.22.1.jar;C:\Users\arjay\.gradle\caches\modules-2\files-2.1\jakarta.validation\jakarta.validation-api\3.0.2\92b6631659ba35ca09e44874d3eb936edfeee532\jakarta.validation-api-3.0.2.jar;C:\Users\arjay\.gradle\caches\modules-2\files-2.1\org.jboss.logging\jboss-logging\3.6.1.Final\886afbb445b4016a37c8960a7aef6ebd769ce7e5\jboss-logging-3.6.1.Final.jar;C:\Users\arjay\.gradle\caches\modules-2\files-2.1\com.fasterxml\classmate\1.7.0\e98374da1f2143ac8e6e0a95036994bb19137a3\classmate-1.7.0.jar;C:\Users\arjay\.gradle\caches\modules-2\files-2.1\com.fasterxml.jackson.datatype\jackson-datatype-jsr310\2.18.2\7b6ff96adf421f4c6edbd694e797dd8fe434510a\jackson-datatype-jsr310-2.18.2.jar;C:\Users\arjay\.gradle\caches\modules-2\files-2.1\com.fasterxml.jackson.module\jackson-module-parameter-names\2.18.2\72960cb3277347a748911d100c3302d60e8a616a\jackson-module-parameter-names-2.18.2.jar;C:\Users\arjay\.gradle\caches\modules-2\files-2.1\com.fasterxml.jackson.datatype\jackson-datatype-jdk8\2.18.2\9ed6d538ebcc66864e114a7040953dce6ab6ea53\jackson-datatype-jdk8-2.18.2.jar;C:\Users\arjay\.gradle\caches\modules-2\files-2.1\org.apache.tomcat.embed\tomcat-embed-websocket\10.1.34\eef6d430f34b6e393b8d9e40f10db9043732b4e5\tomcat-embed-websocket-10.1.34.jar;C:\Users\arjay\.gradle\caches\modules-2\files-2.1\org.apache.tomcat.embed\tomcat-embed-core\10.1.34\f610f84be607fbc82e393cc220f0ad45f92afc91\tomcat-embed-core-10.1.34.jar;C:\Users\arjay\.gradle\caches\modules-2\files-2.1\org.springframework\spring-expression\6.2.2\20164dd3a70d0048185cf02bb1b097b22e73d820\spring-expression-6.2.2.jar;C:\Users\arjay\.gradle\caches\modules-2\files-2.1\com.fasterxml.jackson.core\jackson-annotations\2.18.2\985d77751ebc7fce5db115a986bc9aa82f973f4a\jackson-annotations-2.18.2.jar;C:\Users\arjay\.gradle\caches\modules-2\files-2.1\org.apache.httpcomponents.client5\httpclient5\5.4.1\ce913081e592ee8eeee35c4e577d7dce13cba7a4\httpclient5-5.4.1.jar;C:\Users\arjay\.gradle\caches\modules-2\files-2.1\org.springframework.cloud\spring-cloud-context\4.2.0\54e92bae20fad0c5851f1e5a5666129695a13004\spring-cloud-context-4.2.0.jar;C:\Users\arjay\.gradle\caches\modules-2\files-2.1\org.bouncycastle\bcprov-jdk18on\1.78.1\39e9e45359e20998eb79c1828751f94a818d25f8\bcprov-jdk18on-1.78.1.jar;C:\Users\arjay\.gradle\caches\modules-2\files-2.1\com.fasterxml.jackson.core\jackson-core\2.18.2\fb64ccac5c27dca8819418eb4e443a9f496d9ee7\jackson-core-2.18.2.jar;C:\Users\arjay\.gradle\caches\modules-2\files-2.1\org.springframework.boot\spring-boot-starter-cache\3.4.2\5861d136fd5dc2e1f23e54b430e09dfef485f906\spring-boot-starter-cache-3.4.2.jar;C:\Users\arjay\.gradle\caches\modules-2\files-2.1\org.springframework.cloud\spring-cloud-loadbalancer\4.2.0\214d3a47be66cb8bed558e1fb3a11e75ad2fd03c\spring-cloud-loadbalancer-4.2.0.jar;C:\Users\arjay\.gradle\caches\modules-2\files-2.1\com.stoyanr\evictor\1.0.0\d4615a8516dc28cb958e723f1a0902faa8732217\evictor-1.0.0.jar;C:\Users\arjay\.gradle\caches\modules-2\files-2.1\com.thoughtworks.xstream\xstream\1.4.20\e2315b8b2e95e9f21697833c8e56cdd9c98a5ee\xstream-1.4.20.jar;C:\Users\arjay\.gradle\caches\modules-2\files-2.1\jakarta.ws.rs\jakarta.ws.rs-api\3.1.0\15ce10d249a38865b58fc39521f10f29ab0e3363\jakarta.ws.rs-api-3.1.0.jar;C:\Users\arjay\.gradle\caches\modules-2\files-2.1\jakarta.inject\jakarta.inject-api\2.0.1\4c28afe1991a941d7702fe1362c365f0a8641d1e\jakarta.inject-api-2.0.1.jar;C:\Users\arjay\.gradle\caches\modules-2\files-2.1\com.netflix.spectator\spectator-api\1.7.3\d7d62fc0559b4de07c99a8072896b4abb0c4124d\spectator-api-1.7.3.jar;C:\Users\arjay\.gradle\caches\modules-2\files-2.1\org.apache.httpcomponents\httpclient\4.5.3\d1577ae15f01ef5438c5afc62162457c00a34713\httpclient-4.5.3.jar;C:\Users\arjay\.gradle\caches\modules-2\files-2.1\commons-configuration\commons-configuration\1.10\2b36e4adfb66d966c5aef2d73deb6be716389dc9\commons-configuration-1.10.jar;C:\Users\arjay\.gradle\caches\modules-2\files-2.1\io.github.openfeign\feign-form-spring\13.5\3a6139f73fd3d7f7ada8cdfea0ac0d545d1d7539\feign-form-spring-13.5.jar;C:\Users\arjay\.gradle\caches\modules-2\files-2.1\org.springframework.security\spring-security-crypto\6.4.2\a4d5bf27ca449200fc39e07de6ae016eb1ad21da\spring-security-crypto-6.4.2.jar;C:\Users\arjay\.gradle\caches\modules-2\files-2.1\io.micrometer\micrometer-commons\1.14.3\bf17f05dd6343d36ecc31076197a962cfdf46131\micrometer-commons-1.14.3.jar;C:\Users\arjay\.gradle\caches\modules-2\files-2.1\ch.qos.logback\logback-classic\1.5.16\113979db51dfad6dc895b34460d7b7ff64ffe7d2\logback-classic-1.5.16.jar;C:\Users\arjay\.gradle\caches\modules-2\files-2.1\org.apache.logging.log4j\log4j-to-slf4j\2.24.3\da1143e2a2531ee1c2d90baa98eb50a28a39d5a7\log4j-to-slf4j-2.24.3.jar;C:\Users\arjay\.gradle\caches\modules-2\files-2.1\org.slf4j\jul-to-slf4j\2.0.16\6d57da3e961daac65bcca0dd3def6cd11e48a24a\jul-to-slf4j-2.0.16.jar;C:\Users\arjay\.gradle\caches\modules-2\files-2.1\org.springframework\spring-jcl\6.2.2\1fbbb0b2e85c6eac7c366c5eed5b124785f05ac8\spring-jcl-6.2.2.jar;C:\Users\arjay\.gradle\caches\modules-2\files-2.1\org.apache.httpcomponents.core5\httpcore5-h2\5.3.2\d908a946e9161511accdc739e443b1e0b0cbba82\httpcore5-h2-5.3.2.jar;C:\Users\arjay\.gradle\caches\modules-2\files-2.1\org.apache.httpcomponents.core5\httpcore5\5.3.2\35d387301d4a719972b15fbe863020da5f913c22\httpcore5-5.3.2.jar;C:\Users\arjay\.gradle\caches\modules-2\files-2.1\org.springframework\spring-context-support\6.2.2\d0ad90b2a0e80dcfeffe44184b5d0ac0b262ee46\spring-context-support-6.2.2.jar;C:\Users\arjay\.gradle\caches\modules-2\files-2.1\io.projectreactor.addons\reactor-extra\3.5.2\163f7babfc93f949738a440ea8cae5079cdb4aaa\reactor-extra-3.5.2.jar;C:\Users\arjay\.gradle\caches\modules-2\files-2.1\io.projectreactor\reactor-core\3.7.2\18e669540bcadf4fae1761779a57a991beb013ec\reactor-core-3.7.2.jar;C:\Users\arjay\.gradle\caches\modules-2\files-2.1\io.github.x-stream\mxparser\1.2.2\476fb3b3bb3716cad797cd054ce45f89445794e9\mxparser-1.2.2.jar;C:\Users\arjay\.gradle\caches\modules-2\files-2.1\org.apache.httpcomponents\httpcore\4.4.16\51cf043c87253c9f58b539c9f7e44c8894223850\httpcore-4.4.16.jar;C:\Users\arjay\.gradle\caches\modules-2\files-2.1\commons-codec\commons-codec\1.17.2\cd6bb9d856db5f61871a94d5801efd0b93b7fcb2\commons-codec-1.17.2.jar;C:\Users\arjay\.gradle\caches\modules-2\files-2.1\commons-lang\commons-lang\2.6\ce1edb914c94ebc388f086c6827e8bdeec71ac2\commons-lang-2.6.jar;C:\Users\arjay\.gradle\caches\modules-2\files-2.1\io.github.openfeign\feign-form\13.5\8e77844c9bc63d8ace84ea7b06353e0cebe85fdd\feign-form-13.5.jar;C:\Users\arjay\.gradle\caches\modules-2\files-2.1\commons-fileupload\commons-fileupload\1.5\ad4ad2ab2961b4e1891472bd1a33fabefb0385f3\commons-fileupload-1.5.jar;C:\Users\arjay\.gradle\caches\modules-2\files-2.1\ch.qos.logback\logback-core\1.5.16\4f17700f046900aea2fadf115e2d67fec921f7fd\logback-core-1.5.16.jar;C:\Users\arjay\.gradle\caches\modules-2\files-2.1\org.apache.logging.log4j\log4j-api\2.24.3\b02c125db8b6d295adf72ae6e71af5d83bce2370\log4j-api-2.24.3.jar;C:\Users\arjay\.gradle\caches\modules-2\files-2.1\org.reactivestreams\reactive-streams\1.0.4\3864a1320d97d7b045f729a326e1e077661f31b7\reactive-streams-1.0.4.jar;C:\Users\arjay\.gradle\caches\modules-2\files-2.1\xmlpull\xmlpull\1.1.3.1\2b8e230d2ab644e4ecaa94db7cdedbc40c805dfa\xmlpull-1.1.3.1.jar;C:\Users\arjay\.gradle\caches\modules-2\files-2.1\commons-io\commons-io\2.11.0\a2503f302b11ebde7ebc3df41daebe0e4eea3689\commons-io-2.11.0.jar;C:\Users\arjay\.gradle\caches\modules-2\files-2.1\org.postgresql\postgresql\42.7.5\747897987b86c741fb8b56f6b81929ae1e6e4b46\postgresql-42.7.5.jar;C:\Users\arjay\.gradle\caches\modules-2\files-2.1\org.checkerframework\checker-qual\3.48.3\c48effe7d78de3cf5e8a98c614281ec6a2466a77\checker-qual-3.48.3.jar;C:\Users\arjay\.gradle\caches\modules-2\files-2.1\org.hibernate.common\hibernate-commons-annotations\7.0.3.Final\e183c4be8bb41d12e9f19b374e00c34a0a85f439\hibernate-commons-annotations-7.0.3.Final.jar;C:\Users\arjay\.gradle\caches\modules-2\files-2.1\io.smallrye\jandex\3.2.0\f17ad860f62a08487b9edabde608f8ac55c62fa7\jandex-3.2.0.jar;C:\Users\arjay\.gradle\caches\modules-2\files-2.1\net.bytebuddy\byte-buddy\1.15.11\f61886478e0f9ee4c21d09574736f0ff45e0a46c\byte-buddy-1.15.11.jar;C:\Users\arjay\.gradle\caches\modules-2\files-2.1\org.glassfish.jaxb\jaxb-runtime\4.0.5\ca84c2a7169b5293e232b9d00d1e4e36d4c3914a\jaxb-runtime-4.0.5.jar;C:\Users\arjay\.gradle\caches\modules-2\files-2.1\jakarta.xml.bind\jakarta.xml.bind-api\4.0.2\6cd5a999b834b63238005b7144136379dc36cad2\jakarta.xml.bind-api-4.0.2.jar;C:\Users\arjay\.gradle\caches\modules-2\files-2.1\com.netflix.netflix-commons\netflix-eventbus\0.3.0\3f864adbe81f0849729fcbba3fe693c32be739ea\netflix-eventbus-0.3.0.jar;C:\Users\arjay\.gradle\caches\modules-2\files-2.1\javax.annotation\javax.annotation-api\1.2\479c1e06db31c432330183f5cae684163f186146\javax.annotation-api-1.2.jar;C:\Users\arjay\.gradle\caches\modules-2\files-2.1\org.codehaus.jettison\jettison\1.5.4\174ca56c411b05aec323d8f53e66709c0d28b337\jettison-1.5.4.jar;C:\Users\arjay\.gradle\caches\modules-2\files-2.1\com.github.luben\zstd-jni\1.5.6-4\ba9e303e0b5e94cdd0017390d7d8c06f47fd61f7\zstd-jni-1.5.6-4.jar;C:\Users\arjay\.gradle\caches\modules-2\files-2.1\org.lz4\lz4-java\1.8.0\4b986a99445e49ea5fbf5d149c4b63f6ed6c6780\lz4-java-1.8.0.jar;C:\Users\arjay\.gradle\caches\modules-2\files-2.1\org.xerial.snappy\snappy-java\1.1.10.5\ac605269f3598506196e469f1fb0d7ed5c55059e\snappy-java-1.1.10.5.jar;C:\Users\arjay\.gradle\caches\modules-2\files-2.1\org.glassfish.jaxb\jaxb-core\4.0.5\7b4b11ea5542eea4ad55e1080b23be436795b3\jaxb-core-4.0.5.jar;C:\Users\arjay\.gradle\caches\modules-2\files-2.1\jakarta.activation\jakarta.activation-api\2.1.3\fa165bd70cda600368eee31555222776a46b881f\jakarta.activation-api-2.1.3.jar;C:\Users\arjay\.gradle\caches\modules-2\files-2.1\com.netflix.netflix-commons\netflix-infix\0.3.0\acc65969f7367ddd2f1265e0cd7330509ed530dc\netflix-infix-0.3.0.jar;C:\Users\arjay\.gradle\caches\modules-2\files-2.1\com.netflix.servo\servo-core\0.5.3\790cdf248baa2bf0b4b42fe83d79c717ed510f2b\servo-core-0.5.3.jar;C:\Users\arjay\.gradle\caches\modules-2\files-2.1\org.apache.commons\commons-math\2.2\4877b85d388275f994a5cfc7eceb73a8045d3006\commons-math-2.2.jar;C:\Users\arjay\.gradle\caches\modules-2\files-2.1\org.eclipse.angus\angus-activation\2.0.2\41f1e0ddd157c856926ed149ab837d110955a9fc\angus-activation-2.0.2.jar;C:\Users\arjay\.gradle\caches\modules-2\files-2.1\org.glassfish.jaxb\txw2\4.0.5\f36a4ef12120a9bb06d766d6a0e54b144fd7ed98\txw2-4.0.5.jar;C:\Users\arjay\.gradle\caches\modules-2\files-2.1\com.sun.istack\istack-commons-runtime\4.1.2\18ec117c85f3ba0ac65409136afa8e42bc74e739\istack-commons-runtime-4.1.2.jar;C:\Users\arjay\.gradle\caches\modules-2\files-2.1\com.google.guava\guava\33.3.1-jre\852f8b363da0111e819460021ca693cacca3e8db\guava-33.3.1-jre.jar;C:\Users\arjay\.gradle\caches\modules-2\files-2.1\commons-jxpath\commons-jxpath\1.3\c22d7d0f0f40eb7059a23cfa61773a416768b137\commons-jxpath-1.3.jar;C:\Users\arjay\.gradle\caches\modules-2\files-2.1\joda-time\joda-time\2.3\56498efd17752898cfcc3868c1b6211a07b12b8f\joda-time-2.3.jar;C:\Users\arjay\.gradle\caches\modules-2\files-2.1\org.antlr\antlr-runtime\3.4\8f011408269a8e42b8548687e137d8eeb56df4b4\antlr-runtime-3.4.jar;C:\Users\arjay\.gradle\caches\modules-2\files-2.1\com.google.code.gson\gson\2.11.0\527175ca6d81050b53bdd4c457a6d6e017626b0e\gson-2.11.0.jar;C:\Users\arjay\.gradle\caches\modules-2\files-2.1\com.google.guava\failureaccess\1.0.2\c4a06a64e650562f30b7bf9aaec1bfed43aca12b\failureaccess-1.0.2.jar;C:\Users\arjay\.gradle\caches\modules-2\files-2.1\com.google.guava\listenablefuture\9999.0-empty-to-avoid-conflict-with-guava\b421526c5f297295adef1c886e5246c39d4ac629\listenablefuture-9999.0-empty-to-avoid-conflict-with-guava.jar;C:\Users\arjay\.gradle\caches\modules-2\files-2.1\com.google.errorprone\error_prone_annotations\2.28.0\59fc00087ce372de42e394d2c789295dff2d19f0\error_prone_annotations-2.28.0.jar;C:\Users\arjay\.gradle\caches\modules-2\files-2.1\com.google.j2objc\j2objc-annotations\3.0.0\7399e65dd7e9ff3404f4535b2f017093bdb134c7\j2objc-annotations-3.0.0.jar;C:\Users\arjay\.gradle\caches\modules-2\files-2.1\org.antlr\stringtemplate\3.2.1\59ec8083721eae215c6f3caee944c410d2be34de\stringtemplate-3.2.1.jar;C:\Users\arjay\.gradle\caches\modules-2\files-2.1\antlr\antlr\2.7.7\83cd2cd674a217ade95a4bb83a8a14f351f48bd0\antlr-2.7.7.jar;C:\Program Files\JetBrains\IntelliJ IDEA 2024.3.2.1\lib\idea_rt.jar
Launcher Type: SUN_STANDARD

[Global flags]
     intx CICompilerCount                          = 12                                        {product} {ergonomic}
     uint ConcGCThreads                            = 3                                         {product} {ergonomic}
     uint G1ConcRefinementThreads                  = 13                                        {product} {ergonomic}
   size_t G1HeapRegionSize                         = 2097152                                   {product} {ergonomic}
    uintx GCDrainStackTargetSize                   = 64                                        {product} {ergonomic}
   size_t InitialHeapSize                          = 232783872                                 {product} {ergonomic}
     bool ManagementServer                         = true                                      {product} {command line}
   size_t MarkStackSize                            = 4194304                                   {product} {ergonomic}
   size_t MaxHeapSize                              = 3720347648                                {product} {ergonomic}
   size_t MinHeapDeltaBytes                        = 2097152                                   {product} {ergonomic}
   size_t MinHeapSize                              = 8388608                                   {product} {ergonomic}
    uintx NonNMethodCodeHeapSize                   = 4096                                   {pd product} {ergonomic}
    uintx NonProfiledCodeHeapSize                  = 0                                      {pd product} {ergonomic}
     bool ProfileInterpreter                       = false                                  {pd product} {command line}
    uintx ProfiledCodeHeapSize                     = 0                                      {pd product} {ergonomic}
   size_t SoftMaxHeapSize                          = 3720347648                             {manageable} {ergonomic}
     intx TieredStopAtLevel                        = 1                                         {product} {command line}
     bool UseCompressedOops                        = true                           {product lp64_product} {ergonomic}
     bool UseG1GC                                  = true                                      {product} {ergonomic}
     bool UseLargePagesIndividualAllocation        = false                                  {pd product} {ergonomic}

Logging:
Log output configuration:
 #0: stdout all=warning uptime,level,tags foldmultilines=false
 #1: stderr all=off uptime,level,tags foldmultilines=false

Environment Variables:
JAVA_HOME=C:\Users\arjay\Desktop\Programming\jdks\jdk-21_windows-x64_bin\jdk-21.0.5
PATH=C:\WINDOWS\system32;C:\WINDOWS;C:\WINDOWS\System32\Wbem;C:\WINDOWS\System32\WindowsPowerShell\v1.0\;C:\WINDOWS\System32\OpenSSH\;C:\Users\arjay\Desktop\Programming\jdks\jdk-21_windows-x64_bin\jdk-21.0.5\bin;C:\Program Files\Common Files\Oracle\Java\javapath;C:\Program Files (x86)\Microsoft SQL Server\160\Tools\Binn\;C:\Program Files\Microsoft SQL Server\160\Tools\Binn\;C:\Program Files\Microsoft SQL Server\Client SDK\ODBC\170\Tools\Binn\;C:\Program Files\Microsoft SQL Server\160\DTS\Binn\;C:\Program Files (x86)\Microsoft SQL Server\160\DTS\Binn\;C:\Users\arjay\Desktop\Programming\SoftwareDevelopment\apache-maven-3.9.9\bin;C:\Program Files (x86)\AOMEI\AOMEI Backupper\7.4.1;C:\Program Files\nodejs\;C:\Program Files\Git\cmd;C:\Program Files\Docker\Docker\resources\bin;C:\Users\arjay\Desktop\Programming\SoftwareDevelopment\gradle-8.12-all\gradle-8.12\bin;C:\Program Files\dotnet\;C:\Users\arjay\AppData\Local\Microsoft\WindowsApps;C:\Users\arjay\AppData\Local\Programs\Microsoft VS Code\bin;C:\Users\arjay\AppData\Roaming\npm
USERNAME=arjay
OS=Windows_NT
PROCESSOR_IDENTIFIER=AMD64 Family 25 Model 80 Stepping 0, AuthenticAMD
TMP=C:\Users\arjay\AppData\Local\Temp
TEMP=C:\Users\arjay\AppData\Local\Temp




Periodic native trim disabled

---------------  S Y S T E M  ---------------

OS:
 Windows 11 , 64 bit Build 26100 (10.0.26100.2454)
OS uptime: 0 days 10:29 hours
Hyper-V role detected

CPU: total 16 (initial active 16) (16 cores per cpu, 2 threads per core) family 25 model 80 stepping 0 microcode 0xa50000c, cx8, cmov, fxsr, ht, mmx, 3dnowpref, sse, sse2, sse3, ssse3, sse4a, sse4.1, sse4.2, popcnt, lzcnt, tsc, tscinvbit, avx, avx2, aes, erms, clmul, bmi1, bmi2, adx, sha, fma, vzeroupper, clflush, clflushopt, hv, rdtscp, rdpid, fsrm, f16c, cet_ss
Processor Information for all 16 processors :
  Max Mhz: 1901, Current Mhz: 1901, Mhz Limit: 1901

Memory: 4k page, system-wide physical 14187M (570M free)
TotalPageFile size 57195M (AvailPageFile size 0M)
current process WorkingSet (physical memory assigned to process): 14M, peak: 14M
current process commit charge ("private bytes"): 77M, peak: 299M

vm_info: Java HotSpot(TM) 64-Bit Server VM (21.0.5+9-LTS-239) for windows-amd64 JRE (21.0.5+9-LTS-239), built on 2024-09-30T05:17:38Z by "mach5one" with MS VC++ 17.6 (VS2022)

END.
